<?xml version="1.0" encoding="UTF-8"?>
<!-- Generated by org.testng.reporters.JUnitReportReporter -->
<testsuite hostname="Rishabh" failures="0" tests="1" name="rahulshettyacademy.tests.ErrorValidations" time="5.321" errors="0" timestamp="2024-04-17T23:06:56 IST" skipped="0">
  <testcase classname="rahulshettyacademy.tests.ErrorValidations" name="submitOrder" time="5.321"/>
</testsuite> <!-- rahulshettyacademy.tests.ErrorValidations -->
