<?xml version="1.0" encoding="UTF-8"?>
<!-- Generated by org.testng.reporters.JUnitReportReporter -->
<testsuite hostname="Rishabh" failures="0" tests="3" name="rahulshettyacademy.tests.SubmitOrderTest" time="38.041" errors="0" timestamp="2024-05-20T22:23:05 IST" skipped="0">
  <testcase classname="rahulshettyacademy.tests.SubmitOrderTest" name="submitOrder" time="6.690"/>
  <testcase classname="rahulshettyacademy.tests.SubmitOrderTest" name="submitOrder" time="7.155"/>
  <testcase classname="rahulshettyacademy.tests.SubmitOrderTest" name="OrderHistoryTest" time="24.196"/>
</testsuite> <!-- rahulshettyacademy.tests.SubmitOrderTest -->
