<?xml version="1.0" encoding="UTF-8"?>
<!-- Generated by org.testng.reporters.JUnitReportReporter -->
<testsuite hostname="Rishabh" failures="0" tests="2" name="rahulshettyacademy.tests.SubmitOrderTest" time="14.823" errors="0" timestamp="2024-05-20T00:34:07 IST" skipped="0">
  <testcase classname="rahulshettyacademy.tests.SubmitOrderTest" name="submitOrder" time="6.674"/>
  <testcase classname="rahulshettyacademy.tests.SubmitOrderTest" name="submitOrder" time="8.149"/>
</testsuite> <!-- rahulshettyacademy.tests.SubmitOrderTest -->
